[0.457s] Invoking command in '/home/duhao/ros_test1/topic_practice_ws/src/status_publisher': DEBUGINFOD_URLS=https://debuginfod.ubuntu.com PYTHONPATH=/home/duhao/ros_test1/build/status_publisher/prefix_override:/usr/lib/python3/dist-packages/colcon_core/task/python/colcon_distutils_commands:/home/duhao/ros_test1/install/status_publisher/lib/python3.12/site-packages:/home/duhao/ros_test1/install/status_insterfaces/lib/python3.12/site-packages:/home/duhao/ros_test1/install/status_publisher/lib/python3.12/site-packages:/opt/ros/rolling/lib/python3.12/site-packages /usr/bin/python3 -W ignore:setup.py install is deprecated -W ignore:easy_install command is deprecated setup.py egg_info --egg-base ../../../build/status_publisher build --build-base /home/duhao/ros_test1/build/status_publisher/build install --record /home/duhao/ros_test1/build/status_publisher/install.log --single-version-externally-managed install_data
[0.770s] running egg_info
[0.772s] creating ../../../build/status_publisher/status_publisher.egg-info
[0.794s] writing ../../../build/status_publisher/status_publisher.egg-info/PKG-INFO
[0.795s] writing dependency_links to ../../../build/status_publisher/status_publisher.egg-info/dependency_links.txt
[0.795s] writing entry points to ../../../build/status_publisher/status_publisher.egg-info/entry_points.txt
[0.795s] writing requirements to ../../../build/status_publisher/status_publisher.egg-info/requires.txt
[0.798s] writing top-level names to ../../../build/status_publisher/status_publisher.egg-info/top_level.txt
[0.798s] writing manifest file '../../../build/status_publisher/status_publisher.egg-info/SOURCES.txt'
[0.867s] reading manifest file '../../../build/status_publisher/status_publisher.egg-info/SOURCES.txt'
[0.867s] adding license file 'LICENSE'
[0.867s] writing manifest file '../../../build/status_publisher/status_publisher.egg-info/SOURCES.txt'
[0.867s] running build
[0.867s] running build_py
[0.867s] creating /home/duhao/ros_test1/build/status_publisher/build
[0.867s] creating /home/duhao/ros_test1/build/status_publisher/build/lib
[0.867s] creating /home/duhao/ros_test1/build/status_publisher/build/lib/status_publisher
[0.867s] copying status_publisher/sys_status_pub.py -> /home/duhao/ros_test1/build/status_publisher/build/lib/status_publisher
[0.869s] copying status_publisher/__init__.py -> /home/duhao/ros_test1/build/status_publisher/build/lib/status_publisher
[0.869s] running install
[0.889s] running install_lib
[0.934s] creating /home/duhao/ros_test1/install/status_publisher/lib/python3.12/site-packages/status_publisher
[0.934s] copying /home/duhao/ros_test1/build/status_publisher/build/lib/status_publisher/sys_status_pub.py -> /home/duhao/ros_test1/install/status_publisher/lib/python3.12/site-packages/status_publisher
[0.934s] copying /home/duhao/ros_test1/build/status_publisher/build/lib/status_publisher/__init__.py -> /home/duhao/ros_test1/install/status_publisher/lib/python3.12/site-packages/status_publisher
[0.938s] byte-compiling /home/duhao/ros_test1/install/status_publisher/lib/python3.12/site-packages/status_publisher/sys_status_pub.py to sys_status_pub.cpython-312.pyc
[0.941s] byte-compiling /home/duhao/ros_test1/install/status_publisher/lib/python3.12/site-packages/status_publisher/__init__.py to __init__.cpython-312.pyc
[0.942s] running install_data
[0.943s] creating /home/duhao/ros_test1/install/status_publisher/share/ament_index
[0.943s] creating /home/duhao/ros_test1/install/status_publisher/share/ament_index/resource_index
[0.944s] creating /home/duhao/ros_test1/install/status_publisher/share/ament_index/resource_index/packages
[0.944s] copying resource/status_publisher -> /home/duhao/ros_test1/install/status_publisher/share/ament_index/resource_index/packages
[0.944s] copying package.xml -> /home/duhao/ros_test1/install/status_publisher/share/status_publisher
[0.944s] running install_egg_info
[0.979s] Copying ../../../build/status_publisher/status_publisher.egg-info to /home/duhao/ros_test1/install/status_publisher/lib/python3.12/site-packages/status_publisher-0.0.0-py3.12.egg-info
[0.984s] running install_scripts
[1.135s] Installing sys_status_pub script to /home/duhao/ros_test1/install/status_publisher/lib/status_publisher
[1.135s] writing list of installed files to '/home/duhao/ros_test1/build/status_publisher/install.log'
[1.200s] Invoked command in '/home/duhao/ros_test1/topic_practice_ws/src/status_publisher' returned '0': DEBUGINFOD_URLS=https://debuginfod.ubuntu.com PYTHONPATH=/home/duhao/ros_test1/build/status_publisher/prefix_override:/usr/lib/python3/dist-packages/colcon_core/task/python/colcon_distutils_commands:/home/duhao/ros_test1/install/status_publisher/lib/python3.12/site-packages:/home/duhao/ros_test1/install/status_insterfaces/lib/python3.12/site-packages:/home/duhao/ros_test1/install/status_publisher/lib/python3.12/site-packages:/opt/ros/rolling/lib/python3.12/site-packages /usr/bin/python3 -W ignore:setup.py install is deprecated -W ignore:easy_install command is deprecated setup.py egg_info --egg-base ../../../build/status_publisher build --build-base /home/duhao/ros_test1/build/status_publisher/build install --record /home/duhao/ros_test1/build/status_publisher/install.log --single-version-externally-managed install_data
