-- The C compiler identification is GNU 13.3.0
-- The CXX compiler identification is GNU 13.3.0
-- Detecting C compiler ABI info
-- Detecting C compiler ABI info - done
-- Check for working C compiler: /usr/bin/cc - skipped
-- Detecting C compile features
-- Detecting C compile features - done
-- Detecting CXX compiler ABI info
-- Detecting CXX compiler ABI info - done
-- Check for working CXX compiler: /usr/bin/c++ - skipped
-- Detecting CXX compile features
-- Detecting CXX compile features - done
-- Found ament_cmake: 2.7.2 (/opt/ros/rolling/share/ament_cmake/cmake)
-- Found Python3: /usr/bin/python3 (found version "3.12.3") found components: Interpreter 
-- Found rosidl_default_generators: 1.7.1 (/opt/ros/rolling/share/rosidl_default_generators/cmake)
-- Using all available rosidl_typesupport_c: rosidl_typesupport_fastrtps_c;rosidl_typesupport_introspection_c
-- Using all available rosidl_typesupport_cpp: rosidl_typesupport_fastrtps_cpp;rosidl_typesupport_introspection_cpp
-- Found rosidl_adapter: 4.9.3 (/opt/ros/rolling/share/rosidl_adapter/cmake)
-- Found builtin_interfaces: 2.2.0 (/opt/ros/rolling/share/builtin_interfaces/cmake)
-- Found ament_cmake_ros: 0.13.1 (/opt/ros/rolling/share/ament_cmake_ros/cmake)
-- Using all available rosidl_typesupport_c: rosidl_typesupport_fastrtps_c;rosidl_typesupport_introspection_c
-- Using all available rosidl_typesupport_cpp: rosidl_typesupport_fastrtps_cpp;rosidl_typesupport_introspection_cpp
-- Found Python3: /usr/bin/python3 (found version "3.12.3") found components: Interpreter Development NumPy Development.Module Development.Embed 
-- Found ament_lint_auto: 0.19.1 (/opt/ros/rolling/share/ament_lint_auto/cmake)
-- Added test 'lint_cmake' to check CMake code style
-- Added test 'xmllint' to check XML markup files
-- Configuring done (2.5s)
-- Generating done (0.0s)
-- Build files have been written to: /home/duhao/ros_test1/build/status_insterfaces
[  0%] Built target ament_cmake_python_copy_status_insterfaces
[  2%] [34m[1mGenerating type hashes for ROS interfaces[0m
running egg_info
creating status_insterfaces.egg-info
writing status_insterfaces.egg-info/PKG-INFO
writing dependency_links to status_insterfaces.egg-info/dependency_links.txt
writing top-level names to status_insterfaces.egg-info/top_level.txt
writing manifest file 'status_insterfaces.egg-info/SOURCES.txt'
reading manifest file 'status_insterfaces.egg-info/SOURCES.txt'
writing manifest file 'status_insterfaces.egg-info/SOURCES.txt'
[  2%] Built target status_insterfaces__rosidl_generator_type_description
[  5%] [34m[1mGenerating C code for ROS interfaces[0m
[  5%] Built target ament_cmake_python_build_status_insterfaces_egg
[  8%] [34m[1mGenerating C++ code for ROS interfaces[0m
[ 11%] [32mBuilding C object CMakeFiles/status_insterfaces__rosidl_generator_c.dir/rosidl_generator_c/status_insterfaces/msg/detail/system_status__description.c.o[0m
[ 11%] Built target status_insterfaces__cpp
[ 14%] [32mBuilding C object CMakeFiles/status_insterfaces__rosidl_generator_c.dir/rosidl_generator_c/status_insterfaces/msg/detail/system_status__type_support.c.o[0m
[ 17%] [32mBuilding C object CMakeFiles/status_insterfaces__rosidl_generator_c.dir/rosidl_generator_c/status_insterfaces/msg/detail/system_status__functions.c.o[0m
[ 20%] [32m[1mLinking C shared library libstatus_insterfaces__rosidl_generator_c.so[0m
[ 20%] Built target status_insterfaces__rosidl_generator_c
[ 23%] [34m[1mGenerating C type support for eProsima Fast-RTPS[0m
[ 26%] [34m[1mGenerating C introspection for ROS interfaces[0m
[ 29%] [32mBuilding CXX object CMakeFiles/status_insterfaces__rosidl_typesupport_fastrtps_c.dir/rosidl_typesupport_fastrtps_c/status_insterfaces/msg/detail/system_status__type_support_c.cpp.o[0m
[ 32%] [32mBuilding C object CMakeFiles/status_insterfaces__rosidl_typesupport_introspection_c.dir/rosidl_typesupport_introspection_c/status_insterfaces/msg/detail/system_status__type_support.c.o[0m
[ 35%] [32m[1mLinking C shared library libstatus_insterfaces__rosidl_typesupport_introspection_c.so[0m
[ 35%] Built target status_insterfaces__rosidl_typesupport_introspection_c
[ 38%] [34m[1mGenerating C type support dispatch for ROS interfaces[0m
[ 41%] [32mBuilding CXX object CMakeFiles/status_insterfaces__rosidl_typesupport_c.dir/rosidl_typesupport_c/status_insterfaces/msg/system_status__type_support.cpp.o[0m
[ 44%] [32m[1mLinking CXX shared library libstatus_insterfaces__rosidl_typesupport_fastrtps_c.so[0m
[ 47%] [32m[1mLinking CXX shared library libstatus_insterfaces__rosidl_typesupport_c.so[0m
[ 47%] Built target status_insterfaces__rosidl_typesupport_c
[ 50%] Built target status_insterfaces__rosidl_typesupport_fastrtps_c
[ 50%] [34m[1mGenerating C++ type support for eProsima Fast-RTPS[0m
[ 52%] [34m[1mGenerating C++ introspection for ROS interfaces[0m
[ 55%] [32mBuilding CXX object CMakeFiles/status_insterfaces__rosidl_typesupport_fastrtps_cpp.dir/rosidl_typesupport_fastrtps_cpp/status_insterfaces/msg/detail/dds_fastrtps/system_status__type_support.cpp.o[0m
[ 58%] [32mBuilding CXX object CMakeFiles/status_insterfaces__rosidl_typesupport_introspection_cpp.dir/rosidl_typesupport_introspection_cpp/status_insterfaces/msg/detail/system_status__type_support.cpp.o[0m
[ 61%] [32m[1mLinking CXX shared library libstatus_insterfaces__rosidl_typesupport_fastrtps_cpp.so[0m
[ 61%] Built target status_insterfaces__rosidl_typesupport_fastrtps_cpp
[ 64%] [34m[1mGenerating C++ type support dispatch for ROS interfaces[0m
[ 67%] [32m[1mLinking CXX shared library libstatus_insterfaces__rosidl_typesupport_introspection_cpp.so[0m
[ 67%] Built target status_insterfaces__rosidl_typesupport_introspection_cpp
[ 70%] [32mBuilding CXX object CMakeFiles/status_insterfaces__rosidl_typesupport_cpp.dir/rosidl_typesupport_cpp/status_insterfaces/msg/system_status__type_support.cpp.o[0m
[ 73%] [32m[1mLinking CXX shared library libstatus_insterfaces__rosidl_typesupport_cpp.so[0m
[ 73%] Built target status_insterfaces__rosidl_typesupport_cpp
[ 73%] Built target status_insterfaces
[ 76%] [34m[1mGenerating Python code for ROS interfaces[0m
[ 76%] Built target status_insterfaces__py
[ 79%] [32mBuilding C object CMakeFiles/status_insterfaces__rosidl_generator_py.dir/rosidl_generator_py/status_insterfaces/msg/_system_status_s.c.o[0m
[ 82%] [32m[1mLinking C shared library libstatus_insterfaces__rosidl_generator_py.so[0m
[ 82%] Built target status_insterfaces__rosidl_generator_py
[ 85%] [32mBuilding C object CMakeFiles/status_insterfaces_s__rosidl_typesupport_introspection_c.dir/rosidl_generator_py/status_insterfaces/_status_insterfaces_s.ep.rosidl_typesupport_introspection_c.c.o[0m
[ 88%] [32mBuilding C object CMakeFiles/status_insterfaces_s__rosidl_typesupport_fastrtps_c.dir/rosidl_generator_py/status_insterfaces/_status_insterfaces_s.ep.rosidl_typesupport_fastrtps_c.c.o[0m
[ 91%] [32m[1mLinking C shared module rosidl_generator_py/status_insterfaces/status_insterfaces_s__rosidl_typesupport_fastrtps_c.so[0m
[ 94%] [32m[1mLinking C shared module rosidl_generator_py/status_insterfaces/status_insterfaces_s__rosidl_typesupport_introspection_c.so[0m
[ 94%] Built target status_insterfaces_s__rosidl_typesupport_introspection_c
[ 94%] Built target status_insterfaces_s__rosidl_typesupport_fastrtps_c
[ 97%] [32mBuilding C object CMakeFiles/status_insterfaces_s__rosidl_typesupport_c.dir/rosidl_generator_py/status_insterfaces/_status_insterfaces_s.ep.rosidl_typesupport_c.c.o[0m
[100%] [32m[1mLinking C shared module rosidl_generator_py/status_insterfaces/status_insterfaces_s__rosidl_typesupport_c.so[0m
[100%] Built target status_insterfaces_s__rosidl_typesupport_c
-- Install configuration: ""
-- Installing: /home/duhao/ros_test1/install/status_insterfaces/share/ament_index/resource_index/rosidl_interfaces/status_insterfaces
-- Installing: /home/duhao/ros_test1/install/status_insterfaces/share/status_insterfaces/msg/SystemStatus.json
-- Installing: /home/duhao/ros_test1/install/status_insterfaces/include/status_insterfaces/status_insterfaces
-- Installing: /home/duhao/ros_test1/install/status_insterfaces/include/status_insterfaces/status_insterfaces/msg
-- Installing: /home/duhao/ros_test1/install/status_insterfaces/include/status_insterfaces/status_insterfaces/msg/system_status.h
-- Installing: /home/duhao/ros_test1/install/status_insterfaces/include/status_insterfaces/status_insterfaces/msg/detail
-- Installing: /home/duhao/ros_test1/install/status_insterfaces/include/status_insterfaces/status_insterfaces/msg/detail/system_status__struct.h
-- Installing: /home/duhao/ros_test1/install/status_insterfaces/include/status_insterfaces/status_insterfaces/msg/detail/system_status__type_support.h
-- Installing: /home/duhao/ros_test1/install/status_insterfaces/include/status_insterfaces/status_insterfaces/msg/detail/system_status__description.c
-- Installing: /home/duhao/ros_test1/install/status_insterfaces/include/status_insterfaces/status_insterfaces/msg/detail/system_status__type_support.c
-- Installing: /home/duhao/ros_test1/install/status_insterfaces/include/status_insterfaces/status_insterfaces/msg/detail/system_status__functions.c
-- Installing: /home/duhao/ros_test1/install/status_insterfaces/include/status_insterfaces/status_insterfaces/msg/detail/system_status__functions.h
-- Installing: /home/duhao/ros_test1/install/status_insterfaces/include/status_insterfaces/status_insterfaces/msg/rosidl_generator_c__visibility_control.h
-- Installing: /home/duhao/ros_test1/install/status_insterfaces/share/status_insterfaces/environment/library_path.sh
-- Installing: /home/duhao/ros_test1/install/status_insterfaces/share/status_insterfaces/environment/library_path.dsv
-- Installing: /home/duhao/ros_test1/install/status_insterfaces/lib/libstatus_insterfaces__rosidl_generator_c.so
-- Set non-toolchain portion of runtime path of "/home/duhao/ros_test1/install/status_insterfaces/lib/libstatus_insterfaces__rosidl_generator_c.so" to ""
-- Up-to-date: /home/duhao/ros_test1/install/status_insterfaces/include/status_insterfaces/status_insterfaces
-- Up-to-date: /home/duhao/ros_test1/install/status_insterfaces/include/status_insterfaces/status_insterfaces/msg
-- Installing: /home/duhao/ros_test1/install/status_insterfaces/include/status_insterfaces/status_insterfaces/msg/rosidl_typesupport_fastrtps_c__visibility_control.h
-- Up-to-date: /home/duhao/ros_test1/install/status_insterfaces/include/status_insterfaces/status_insterfaces/msg/detail
-- Installing: /home/duhao/ros_test1/install/status_insterfaces/include/status_insterfaces/status_insterfaces/msg/detail/system_status__rosidl_typesupport_fastrtps_c.h
-- Installing: /home/duhao/ros_test1/install/status_insterfaces/lib/libstatus_insterfaces__rosidl_typesupport_fastrtps_c.so
-- Set non-toolchain portion of runtime path of "/home/duhao/ros_test1/install/status_insterfaces/lib/libstatus_insterfaces__rosidl_typesupport_fastrtps_c.so" to ""
-- Up-to-date: /home/duhao/ros_test1/install/status_insterfaces/include/status_insterfaces/status_insterfaces
-- Up-to-date: /home/duhao/ros_test1/install/status_insterfaces/include/status_insterfaces/status_insterfaces/msg
-- Up-to-date: /home/duhao/ros_test1/install/status_insterfaces/include/status_insterfaces/status_insterfaces/msg/detail
-- Up-to-date: /home/duhao/ros_test1/install/status_insterfaces/include/status_insterfaces/status_insterfaces/msg/detail/system_status__type_support.c
-- Installing: /home/duhao/ros_test1/install/status_insterfaces/include/status_insterfaces/status_insterfaces/msg/detail/system_status__rosidl_typesupport_introspection_c.h
-- Installing: /home/duhao/ros_test1/install/status_insterfaces/include/status_insterfaces/status_insterfaces/msg/rosidl_typesupport_introspection_c__visibility_control.h
-- Installing: /home/duhao/ros_test1/install/status_insterfaces/lib/libstatus_insterfaces__rosidl_typesupport_introspection_c.so
-- Set non-toolchain portion of runtime path of "/home/duhao/ros_test1/install/status_insterfaces/lib/libstatus_insterfaces__rosidl_typesupport_introspection_c.so" to ""
-- Installing: /home/duhao/ros_test1/install/status_insterfaces/lib/libstatus_insterfaces__rosidl_typesupport_c.so
-- Set non-toolchain portion of runtime path of "/home/duhao/ros_test1/install/status_insterfaces/lib/libstatus_insterfaces__rosidl_typesupport_c.so" to ""
-- Up-to-date: /home/duhao/ros_test1/install/status_insterfaces/include/status_insterfaces/status_insterfaces
-- Up-to-date: /home/duhao/ros_test1/install/status_insterfaces/include/status_insterfaces/status_insterfaces/msg
-- Up-to-date: /home/duhao/ros_test1/install/status_insterfaces/include/status_insterfaces/status_insterfaces/msg/detail
-- Installing: /home/duhao/ros_test1/install/status_insterfaces/include/status_insterfaces/status_insterfaces/msg/detail/system_status__builder.hpp
-- Installing: /home/duhao/ros_test1/install/status_insterfaces/include/status_insterfaces/status_insterfaces/msg/detail/system_status__traits.hpp
-- Installing: /home/duhao/ros_test1/install/status_insterfaces/include/status_insterfaces/status_insterfaces/msg/detail/system_status__type_support.hpp
-- Installing: /home/duhao/ros_test1/install/status_insterfaces/include/status_insterfaces/status_insterfaces/msg/detail/system_status__struct.hpp
-- Installing: /home/duhao/ros_test1/install/status_insterfaces/include/status_insterfaces/status_insterfaces/msg/system_status.hpp
-- Installing: /home/duhao/ros_test1/install/status_insterfaces/include/status_insterfaces/status_insterfaces/msg/rosidl_generator_cpp__visibility_control.hpp
-- Up-to-date: /home/duhao/ros_test1/install/status_insterfaces/include/status_insterfaces/status_insterfaces
-- Up-to-date: /home/duhao/ros_test1/install/status_insterfaces/include/status_insterfaces/status_insterfaces/msg
-- Installing: /home/duhao/ros_test1/install/status_insterfaces/include/status_insterfaces/status_insterfaces/msg/rosidl_typesupport_fastrtps_cpp__visibility_control.h
-- Up-to-date: /home/duhao/ros_test1/install/status_insterfaces/include/status_insterfaces/status_insterfaces/msg/detail
-- Installing: /home/duhao/ros_test1/install/status_insterfaces/include/status_insterfaces/status_insterfaces/msg/detail/system_status__rosidl_typesupport_fastrtps_cpp.hpp
-- Installing: /home/duhao/ros_test1/install/status_insterfaces/include/status_insterfaces/status_insterfaces/msg/detail/dds_fastrtps
-- Installing: /home/duhao/ros_test1/install/status_insterfaces/lib/libstatus_insterfaces__rosidl_typesupport_fastrtps_cpp.so
-- Set non-toolchain portion of runtime path of "/home/duhao/ros_test1/install/status_insterfaces/lib/libstatus_insterfaces__rosidl_typesupport_fastrtps_cpp.so" to ""
-- Up-to-date: /home/duhao/ros_test1/install/status_insterfaces/include/status_insterfaces/status_insterfaces
-- Up-to-date: /home/duhao/ros_test1/install/status_insterfaces/include/status_insterfaces/status_insterfaces/msg
-- Up-to-date: /home/duhao/ros_test1/install/status_insterfaces/include/status_insterfaces/status_insterfaces/msg/detail
-- Installing: /home/duhao/ros_test1/install/status_insterfaces/include/status_insterfaces/status_insterfaces/msg/detail/system_status__rosidl_typesupport_introspection_cpp.hpp
-- Installing: /home/duhao/ros_test1/install/status_insterfaces/include/status_insterfaces/status_insterfaces/msg/detail/system_status__type_support.cpp
-- Installing: /home/duhao/ros_test1/install/status_insterfaces/lib/libstatus_insterfaces__rosidl_typesupport_introspection_cpp.so
-- Set non-toolchain portion of runtime path of "/home/duhao/ros_test1/install/status_insterfaces/lib/libstatus_insterfaces__rosidl_typesupport_introspection_cpp.so" to ""
-- Installing: /home/duhao/ros_test1/install/status_insterfaces/lib/libstatus_insterfaces__rosidl_typesupport_cpp.so
-- Set non-toolchain portion of runtime path of "/home/duhao/ros_test1/install/status_insterfaces/lib/libstatus_insterfaces__rosidl_typesupport_cpp.so" to ""
-- Installing: /home/duhao/ros_test1/install/status_insterfaces/share/status_insterfaces/environment/pythonpath.sh
-- Installing: /home/duhao/ros_test1/install/status_insterfaces/share/status_insterfaces/environment/pythonpath.dsv
-- Installing: /home/duhao/ros_test1/install/status_insterfaces/lib/python3.12/site-packages/status_insterfaces-0.0.0-py3.12.egg-info
-- Installing: /home/duhao/ros_test1/install/status_insterfaces/lib/python3.12/site-packages/status_insterfaces-0.0.0-py3.12.egg-info/PKG-INFO
-- Installing: /home/duhao/ros_test1/install/status_insterfaces/lib/python3.12/site-packages/status_insterfaces-0.0.0-py3.12.egg-info/SOURCES.txt
-- Installing: /home/duhao/ros_test1/install/status_insterfaces/lib/python3.12/site-packages/status_insterfaces-0.0.0-py3.12.egg-info/top_level.txt
-- Installing: /home/duhao/ros_test1/install/status_insterfaces/lib/python3.12/site-packages/status_insterfaces-0.0.0-py3.12.egg-info/dependency_links.txt
-- Installing: /home/duhao/ros_test1/install/status_insterfaces/lib/python3.12/site-packages/status_insterfaces
-- Installing: /home/duhao/ros_test1/install/status_insterfaces/lib/python3.12/site-packages/status_insterfaces/_status_insterfaces_s.ep.rosidl_typesupport_fastrtps_c.c
-- Installing: /home/duhao/ros_test1/install/status_insterfaces/lib/python3.12/site-packages/status_insterfaces/_status_insterfaces_s.ep.rosidl_typesupport_introspection_c.c
-- Installing: /home/duhao/ros_test1/install/status_insterfaces/lib/python3.12/site-packages/status_insterfaces/__init__.py
-- Installing: /home/duhao/ros_test1/install/status_insterfaces/lib/python3.12/site-packages/status_insterfaces/status_insterfaces_s__rosidl_typesupport_fastrtps_c.so
-- Installing: /home/duhao/ros_test1/install/status_insterfaces/lib/python3.12/site-packages/status_insterfaces/status_insterfaces_s__rosidl_typesupport_c.so
-- Installing: /home/duhao/ros_test1/install/status_insterfaces/lib/python3.12/site-packages/status_insterfaces/msg
-- Installing: /home/duhao/ros_test1/install/status_insterfaces/lib/python3.12/site-packages/status_insterfaces/msg/_system_status_s.c
-- Installing: /home/duhao/ros_test1/install/status_insterfaces/lib/python3.12/site-packages/status_insterfaces/msg/_system_status.py
-- Installing: /home/duhao/ros_test1/install/status_insterfaces/lib/python3.12/site-packages/status_insterfaces/msg/__init__.py
-- Installing: /home/duhao/ros_test1/install/status_insterfaces/lib/python3.12/site-packages/status_insterfaces/status_insterfaces_s__rosidl_typesupport_introspection_c.so
-- Installing: /home/duhao/ros_test1/install/status_insterfaces/lib/python3.12/site-packages/status_insterfaces/_status_insterfaces_s.ep.rosidl_typesupport_c.c
Listing '/home/duhao/ros_test1/install/status_insterfaces/lib/python3.12/site-packages/status_insterfaces'...
Compiling '/home/duhao/ros_test1/install/status_insterfaces/lib/python3.12/site-packages/status_insterfaces/__init__.py'...
Listing '/home/duhao/ros_test1/install/status_insterfaces/lib/python3.12/site-packages/status_insterfaces/msg'...
Compiling '/home/duhao/ros_test1/install/status_insterfaces/lib/python3.12/site-packages/status_insterfaces/msg/__init__.py'...
Compiling '/home/duhao/ros_test1/install/status_insterfaces/lib/python3.12/site-packages/status_insterfaces/msg/_system_status.py'...
-- Installing: /home/duhao/ros_test1/install/status_insterfaces/lib/python3.12/site-packages/status_insterfaces/status_insterfaces_s__rosidl_typesupport_fastrtps_c.so
-- Set non-toolchain portion of runtime path of "/home/duhao/ros_test1/install/status_insterfaces/lib/python3.12/site-packages/status_insterfaces/status_insterfaces_s__rosidl_typesupport_fastrtps_c.so" to ""
-- Installing: /home/duhao/ros_test1/install/status_insterfaces/lib/python3.12/site-packages/status_insterfaces/status_insterfaces_s__rosidl_typesupport_introspection_c.so
-- Set non-toolchain portion of runtime path of "/home/duhao/ros_test1/install/status_insterfaces/lib/python3.12/site-packages/status_insterfaces/status_insterfaces_s__rosidl_typesupport_introspection_c.so" to ""
-- Installing: /home/duhao/ros_test1/install/status_insterfaces/lib/python3.12/site-packages/status_insterfaces/status_insterfaces_s__rosidl_typesupport_c.so
-- Set non-toolchain portion of runtime path of "/home/duhao/ros_test1/install/status_insterfaces/lib/python3.12/site-packages/status_insterfaces/status_insterfaces_s__rosidl_typesupport_c.so" to ""
-- Installing: /home/duhao/ros_test1/install/status_insterfaces/lib/libstatus_insterfaces__rosidl_generator_py.so
-- Set non-toolchain portion of runtime path of "/home/duhao/ros_test1/install/status_insterfaces/lib/libstatus_insterfaces__rosidl_generator_py.so" to ""
-- Installing: /home/duhao/ros_test1/install/status_insterfaces/share/status_insterfaces/msg/SystemStatus.idl
-- Installing: /home/duhao/ros_test1/install/status_insterfaces/share/status_insterfaces/msg/SystemStatus.msg
-- Up-to-date: /home/duhao/ros_test1/install/status_insterfaces/include
-- Up-to-date: /home/duhao/ros_test1/install/status_insterfaces/include/status_insterfaces
-- Installing: /home/duhao/ros_test1/install/status_insterfaces/include/status_insterfaces/msg
-- Installing: /home/duhao/ros_test1/install/status_insterfaces/include/status_insterfaces/msg/detail
-- Installing: /home/duhao/ros_test1/install/status_insterfaces/include/status_insterfaces/msg/detail/system_status__builder.hpp
-- Installing: /home/duhao/ros_test1/install/status_insterfaces/include/status_insterfaces/msg/detail/system_status__traits.hpp
-- Installing: /home/duhao/ros_test1/install/status_insterfaces/include/status_insterfaces/msg/detail/system_status__type_support.hpp
-- Installing: /home/duhao/ros_test1/install/status_insterfaces/include/status_insterfaces/msg/detail/system_status__struct.hpp
-- Installing: /home/duhao/ros_test1/install/status_insterfaces/include/status_insterfaces/msg/system_status.hpp
-- Installing: /home/duhao/ros_test1/install/status_insterfaces/include/status_insterfaces/msg/rosidl_generator_cpp__visibility_control.hpp
-- Installing: /home/duhao/ros_test1/install/status_insterfaces/share/ament_index/resource_index/package_run_dependencies/status_insterfaces
-- Installing: /home/duhao/ros_test1/install/status_insterfaces/share/ament_index/resource_index/parent_prefix_path/status_insterfaces
-- Installing: /home/duhao/ros_test1/install/status_insterfaces/share/status_insterfaces/environment/ament_prefix_path.sh
-- Installing: /home/duhao/ros_test1/install/status_insterfaces/share/status_insterfaces/environment/ament_prefix_path.dsv
-- Installing: /home/duhao/ros_test1/install/status_insterfaces/share/status_insterfaces/environment/path.sh
-- Installing: /home/duhao/ros_test1/install/status_insterfaces/share/status_insterfaces/environment/path.dsv
-- Installing: /home/duhao/ros_test1/install/status_insterfaces/share/status_insterfaces/local_setup.bash
-- Installing: /home/duhao/ros_test1/install/status_insterfaces/share/status_insterfaces/local_setup.sh
-- Installing: /home/duhao/ros_test1/install/status_insterfaces/share/status_insterfaces/local_setup.zsh
-- Installing: /home/duhao/ros_test1/install/status_insterfaces/share/status_insterfaces/local_setup.dsv
-- Installing: /home/duhao/ros_test1/install/status_insterfaces/share/status_insterfaces/package.dsv
-- Installing: /home/duhao/ros_test1/install/status_insterfaces/share/ament_index/resource_index/packages/status_insterfaces
-- Installing: /home/duhao/ros_test1/install/status_insterfaces/share/status_insterfaces/cmake/export_status_insterfaces__rosidl_generator_cExport.cmake
-- Installing: /home/duhao/ros_test1/install/status_insterfaces/share/status_insterfaces/cmake/export_status_insterfaces__rosidl_generator_cExport-noconfig.cmake
-- Installing: /home/duhao/ros_test1/install/status_insterfaces/share/status_insterfaces/cmake/export_status_insterfaces__rosidl_typesupport_fastrtps_cExport.cmake
-- Installing: /home/duhao/ros_test1/install/status_insterfaces/share/status_insterfaces/cmake/export_status_insterfaces__rosidl_typesupport_fastrtps_cExport-noconfig.cmake
-- Installing: /home/duhao/ros_test1/install/status_insterfaces/share/status_insterfaces/cmake/status_insterfaces__rosidl_typesupport_introspection_cExport.cmake
-- Installing: /home/duhao/ros_test1/install/status_insterfaces/share/status_insterfaces/cmake/status_insterfaces__rosidl_typesupport_introspection_cExport-noconfig.cmake
-- Installing: /home/duhao/ros_test1/install/status_insterfaces/share/status_insterfaces/cmake/status_insterfaces__rosidl_typesupport_cExport.cmake
-- Installing: /home/duhao/ros_test1/install/status_insterfaces/share/status_insterfaces/cmake/status_insterfaces__rosidl_typesupport_cExport-noconfig.cmake
-- Installing: /home/duhao/ros_test1/install/status_insterfaces/share/status_insterfaces/cmake/export_status_insterfaces__rosidl_generator_cppExport.cmake
-- Installing: /home/duhao/ros_test1/install/status_insterfaces/share/status_insterfaces/cmake/export_status_insterfaces__rosidl_typesupport_fastrtps_cppExport.cmake
-- Installing: /home/duhao/ros_test1/install/status_insterfaces/share/status_insterfaces/cmake/export_status_insterfaces__rosidl_typesupport_fastrtps_cppExport-noconfig.cmake
-- Installing: /home/duhao/ros_test1/install/status_insterfaces/share/status_insterfaces/cmake/status_insterfaces__rosidl_typesupport_introspection_cppExport.cmake
-- Installing: /home/duhao/ros_test1/install/status_insterfaces/share/status_insterfaces/cmake/status_insterfaces__rosidl_typesupport_introspection_cppExport-noconfig.cmake
-- Installing: /home/duhao/ros_test1/install/status_insterfaces/share/status_insterfaces/cmake/status_insterfaces__rosidl_typesupport_cppExport.cmake
-- Installing: /home/duhao/ros_test1/install/status_insterfaces/share/status_insterfaces/cmake/status_insterfaces__rosidl_typesupport_cppExport-noconfig.cmake
-- Installing: /home/duhao/ros_test1/install/status_insterfaces/share/status_insterfaces/cmake/export_status_insterfaces__rosidl_generator_pyExport.cmake
-- Installing: /home/duhao/ros_test1/install/status_insterfaces/share/status_insterfaces/cmake/export_status_insterfaces__rosidl_generator_pyExport-noconfig.cmake
-- Installing: /home/duhao/ros_test1/install/status_insterfaces/share/status_insterfaces/cmake/rosidl_cmake-extras.cmake
-- Installing: /home/duhao/ros_test1/install/status_insterfaces/share/status_insterfaces/cmake/ament_cmake_export_dependencies-extras.cmake
-- Installing: /home/duhao/ros_test1/install/status_insterfaces/share/status_insterfaces/cmake/ament_cmake_export_include_directories-extras.cmake
-- Installing: /home/duhao/ros_test1/install/status_insterfaces/share/status_insterfaces/cmake/ament_cmake_export_libraries-extras.cmake
-- Installing: /home/duhao/ros_test1/install/status_insterfaces/share/status_insterfaces/cmake/ament_cmake_export_targets-extras.cmake
-- Installing: /home/duhao/ros_test1/install/status_insterfaces/share/status_insterfaces/cmake/rosidl_cmake_export_typesupport_targets-extras.cmake
-- Installing: /home/duhao/ros_test1/install/status_insterfaces/share/status_insterfaces/cmake/rosidl_cmake_export_typesupport_libraries-extras.cmake
-- Installing: /home/duhao/ros_test1/install/status_insterfaces/share/status_insterfaces/cmake/status_insterfacesConfig.cmake
-- Installing: /home/duhao/ros_test1/install/status_insterfaces/share/status_insterfaces/cmake/status_insterfacesConfig-version.cmake
-- Installing: /home/duhao/ros_test1/install/status_insterfaces/share/status_insterfaces/package.xml
