[0.010s] Invoking command in '/home/duhao/ros_test1/build/status_insterfaces': CMAKE_PREFIX_PATH=${CMAKE_PREFIX_PATH}:/home/duhao/ros_test1/install/status_publisher:/opt/ros/rolling DEBUGINFOD_URLS=https://debuginfod.ubuntu.com /usr/bin/cmake /home/duhao/ros_test1/topic_practice_ws/src/stutas_insterfaces -DCMAKE_INSTALL_PREFIX=/home/duhao/ros_test1/install/status_insterfaces
[0.081s] -- The C compiler identification is GNU 13.3.0
[0.137s] -- The CXX compiler identification is GNU 13.3.0
[0.154s] -- Detecting C compiler ABI info
[0.226s] -- Detecting C compiler ABI info - done
[0.232s] -- Check for working C compiler: /usr/bin/cc - skipped
[0.232s] -- Detecting C compile features
[0.232s] -- Detecting C compile features - done
[0.242s] -- Detecting CXX compiler ABI info
[0.352s] -- Detecting CXX compiler ABI info - done
[0.357s] -- Check for working CXX compiler: /usr/bin/c++ - skipped
[0.357s] -- Detecting CXX compile features
[0.357s] -- Detecting CXX compile features - done
[0.363s] -- Found ament_cmake: 2.7.2 (/opt/ros/rolling/share/ament_cmake/cmake)
[0.651s] -- Found Python3: /usr/bin/python3 (found version "3.12.3") found components: Interpreter 
[0.769s] -- Found rosidl_default_generators: 1.7.1 (/opt/ros/rolling/share/rosidl_default_generators/cmake)
[0.776s] -- Using all available rosidl_typesupport_c: rosidl_typesupport_fastrtps_c;rosidl_typesupport_introspection_c
[0.847s] -- Using all available rosidl_typesupport_cpp: rosidl_typesupport_fastrtps_cpp;rosidl_typesupport_introspection_cpp
[0.918s] -- Found rosidl_adapter: 4.9.3 (/opt/ros/rolling/share/rosidl_adapter/cmake)
[0.924s] -- Found builtin_interfaces: 2.2.0 (/opt/ros/rolling/share/builtin_interfaces/cmake)
[1.466s] -- Found ament_cmake_ros: 0.13.1 (/opt/ros/rolling/share/ament_cmake_ros/cmake)
[1.761s] -- Using all available rosidl_typesupport_c: rosidl_typesupport_fastrtps_c;rosidl_typesupport_introspection_c
[2.156s] -- Using all available rosidl_typesupport_cpp: rosidl_typesupport_fastrtps_cpp;rosidl_typesupport_introspection_cpp
[2.472s] -- Found Python3: /usr/bin/python3 (found version "3.12.3") found components: Interpreter Development NumPy Development.Module Development.Embed 
[2.494s] -- Found ament_lint_auto: 0.19.1 (/opt/ros/rolling/share/ament_lint_auto/cmake)
[2.511s] -- Added test 'lint_cmake' to check CMake code style
[2.512s] -- Added test 'xmllint' to check XML markup files
[2.518s] -- Configuring done (2.5s)
[2.540s] -- Generating done (0.0s)
[2.546s] -- Build files have been written to: /home/duhao/ros_test1/build/status_insterfaces
[2.552s] Invoked command in '/home/duhao/ros_test1/build/status_insterfaces' returned '0': CMAKE_PREFIX_PATH=${CMAKE_PREFIX_PATH}:/home/duhao/ros_test1/install/status_publisher:/opt/ros/rolling DEBUGINFOD_URLS=https://debuginfod.ubuntu.com /usr/bin/cmake /home/duhao/ros_test1/topic_practice_ws/src/stutas_insterfaces -DCMAKE_INSTALL_PREFIX=/home/duhao/ros_test1/install/status_insterfaces
[2.555s] Invoking command in '/home/duhao/ros_test1/build/status_insterfaces': CMAKE_PREFIX_PATH=${CMAKE_PREFIX_PATH}:/home/duhao/ros_test1/install/status_publisher:/opt/ros/rolling DEBUGINFOD_URLS=https://debuginfod.ubuntu.com /usr/bin/cmake --build /home/duhao/ros_test1/build/status_insterfaces -- -j2 -l2
[2.596s] [  0%] Built target ament_cmake_python_copy_status_insterfaces
[2.609s] [  2%] [34m[1mGenerating type hashes for ROS interfaces[0m
[2.786s] running egg_info
[2.787s] creating status_insterfaces.egg-info
[2.796s] writing status_insterfaces.egg-info/PKG-INFO
[2.797s] writing dependency_links to status_insterfaces.egg-info/dependency_links.txt
[2.797s] writing top-level names to status_insterfaces.egg-info/top_level.txt
[2.797s] writing manifest file 'status_insterfaces.egg-info/SOURCES.txt'
[2.845s] reading manifest file 'status_insterfaces.egg-info/SOURCES.txt'
[2.845s] writing manifest file 'status_insterfaces.egg-info/SOURCES.txt'
[2.849s] [  2%] Built target status_insterfaces__rosidl_generator_type_description
[2.863s] [  5%] [34m[1mGenerating C code for ROS interfaces[0m
[2.870s] [  5%] Built target ament_cmake_python_build_status_insterfaces_egg
[2.911s] [  8%] [34m[1mGenerating C++ code for ROS interfaces[0m
[3.155s] [ 11%] [32mBuilding C object CMakeFiles/status_insterfaces__rosidl_generator_c.dir/rosidl_generator_c/status_insterfaces/msg/detail/system_status__description.c.o[0m
[3.186s] [ 11%] Built target status_insterfaces__cpp
[3.197s] [ 14%] [32mBuilding C object CMakeFiles/status_insterfaces__rosidl_generator_c.dir/rosidl_generator_c/status_insterfaces/msg/detail/system_status__type_support.c.o[0m
[3.197s] [ 17%] [32mBuilding C object CMakeFiles/status_insterfaces__rosidl_generator_c.dir/rosidl_generator_c/status_insterfaces/msg/detail/system_status__functions.c.o[0m
[3.238s] [ 20%] [32m[1mLinking C shared library libstatus_insterfaces__rosidl_generator_c.so[0m
[3.265s] [ 20%] Built target status_insterfaces__rosidl_generator_c
[3.274s] [ 23%] [34m[1mGenerating C type support for eProsima Fast-RTPS[0m
[3.287s] [ 26%] [34m[1mGenerating C introspection for ROS interfaces[0m
[3.461s] [ 29%] [32mBuilding CXX object CMakeFiles/status_insterfaces__rosidl_typesupport_fastrtps_c.dir/rosidl_typesupport_fastrtps_c/status_insterfaces/msg/detail/system_status__type_support_c.cpp.o[0m
[3.556s] [ 32%] [32mBuilding C object CMakeFiles/status_insterfaces__rosidl_typesupport_introspection_c.dir/rosidl_typesupport_introspection_c/status_insterfaces/msg/detail/system_status__type_support.c.o[0m
[3.594s] [ 35%] [32m[1mLinking C shared library libstatus_insterfaces__rosidl_typesupport_introspection_c.so[0m
[3.649s] [ 35%] Built target status_insterfaces__rosidl_typesupport_introspection_c
[3.656s] [ 38%] [34m[1mGenerating C type support dispatch for ROS interfaces[0m
[3.885s] [ 41%] [32mBuilding CXX object CMakeFiles/status_insterfaces__rosidl_typesupport_c.dir/rosidl_typesupport_c/status_insterfaces/msg/system_status__type_support.cpp.o[0m
[3.918s] [ 44%] [32m[1mLinking CXX shared library libstatus_insterfaces__rosidl_typesupport_fastrtps_c.so[0m
[3.944s] [ 47%] [32m[1mLinking CXX shared library libstatus_insterfaces__rosidl_typesupport_c.so[0m
[3.988s] [ 47%] Built target status_insterfaces__rosidl_typesupport_c
[4.000s] [ 50%] Built target status_insterfaces__rosidl_typesupport_fastrtps_c
[4.000s] [ 50%] [34m[1mGenerating C++ type support for eProsima Fast-RTPS[0m
[4.023s] [ 52%] [34m[1mGenerating C++ introspection for ROS interfaces[0m
[4.196s] [ 55%] [32mBuilding CXX object CMakeFiles/status_insterfaces__rosidl_typesupport_fastrtps_cpp.dir/rosidl_typesupport_fastrtps_cpp/status_insterfaces/msg/detail/dds_fastrtps/system_status__type_support.cpp.o[0m
[4.272s] [ 58%] [32mBuilding CXX object CMakeFiles/status_insterfaces__rosidl_typesupport_introspection_cpp.dir/rosidl_typesupport_introspection_cpp/status_insterfaces/msg/detail/system_status__type_support.cpp.o[0m
[4.609s] [ 61%] [32m[1mLinking CXX shared library libstatus_insterfaces__rosidl_typesupport_fastrtps_cpp.so[0m
[4.696s] [ 61%] Built target status_insterfaces__rosidl_typesupport_fastrtps_cpp
[4.711s] [ 64%] [34m[1mGenerating C++ type support dispatch for ROS interfaces[0m
[4.740s] [ 67%] [32m[1mLinking CXX shared library libstatus_insterfaces__rosidl_typesupport_introspection_cpp.so[0m
[4.791s] [ 67%] Built target status_insterfaces__rosidl_typesupport_introspection_cpp
[4.873s] [ 70%] [32mBuilding CXX object CMakeFiles/status_insterfaces__rosidl_typesupport_cpp.dir/rosidl_typesupport_cpp/status_insterfaces/msg/system_status__type_support.cpp.o[0m
[5.042s] [ 73%] [32m[1mLinking CXX shared library libstatus_insterfaces__rosidl_typesupport_cpp.so[0m
[5.072s] [ 73%] Built target status_insterfaces__rosidl_typesupport_cpp
[5.086s] [ 73%] Built target status_insterfaces
[5.099s] [ 76%] [34m[1mGenerating Python code for ROS interfaces[0m
[5.302s] [ 76%] Built target status_insterfaces__py
[5.315s] [ 79%] [32mBuilding C object CMakeFiles/status_insterfaces__rosidl_generator_py.dir/rosidl_generator_py/status_insterfaces/msg/_system_status_s.c.o[0m
[5.414s] [ 82%] [32m[1mLinking C shared library libstatus_insterfaces__rosidl_generator_py.so[0m
[5.453s] [ 82%] Built target status_insterfaces__rosidl_generator_py
[5.478s] [ 85%] [32mBuilding C object CMakeFiles/status_insterfaces_s__rosidl_typesupport_introspection_c.dir/rosidl_generator_py/status_insterfaces/_status_insterfaces_s.ep.rosidl_typesupport_introspection_c.c.o[0m
[5.482s] [ 88%] [32mBuilding C object CMakeFiles/status_insterfaces_s__rosidl_typesupport_fastrtps_c.dir/rosidl_generator_py/status_insterfaces/_status_insterfaces_s.ep.rosidl_typesupport_fastrtps_c.c.o[0m
[5.575s] [ 91%] [32m[1mLinking C shared module rosidl_generator_py/status_insterfaces/status_insterfaces_s__rosidl_typesupport_fastrtps_c.so[0m
[5.581s] [ 94%] [32m[1mLinking C shared module rosidl_generator_py/status_insterfaces/status_insterfaces_s__rosidl_typesupport_introspection_c.so[0m
[5.610s] [ 94%] Built target status_insterfaces_s__rosidl_typesupport_introspection_c
[5.613s] [ 94%] Built target status_insterfaces_s__rosidl_typesupport_fastrtps_c
[5.632s] [ 97%] [32mBuilding C object CMakeFiles/status_insterfaces_s__rosidl_typesupport_c.dir/rosidl_generator_py/status_insterfaces/_status_insterfaces_s.ep.rosidl_typesupport_c.c.o[0m
[5.705s] [100%] [32m[1mLinking C shared module rosidl_generator_py/status_insterfaces/status_insterfaces_s__rosidl_typesupport_c.so[0m
[5.726s] [100%] Built target status_insterfaces_s__rosidl_typesupport_c
[5.733s] Invoked command in '/home/duhao/ros_test1/build/status_insterfaces' returned '0': CMAKE_PREFIX_PATH=${CMAKE_PREFIX_PATH}:/home/duhao/ros_test1/install/status_publisher:/opt/ros/rolling DEBUGINFOD_URLS=https://debuginfod.ubuntu.com /usr/bin/cmake --build /home/duhao/ros_test1/build/status_insterfaces -- -j2 -l2
[5.744s] Invoking command in '/home/duhao/ros_test1/build/status_insterfaces': CMAKE_PREFIX_PATH=${CMAKE_PREFIX_PATH}:/home/duhao/ros_test1/install/status_publisher:/opt/ros/rolling DEBUGINFOD_URLS=https://debuginfod.ubuntu.com /usr/bin/cmake --install /home/duhao/ros_test1/build/status_insterfaces
[5.752s] -- Install configuration: ""
[5.752s] -- Installing: /home/duhao/ros_test1/install/status_insterfaces/share/ament_index/resource_index/rosidl_interfaces/status_insterfaces
[5.752s] -- Installing: /home/duhao/ros_test1/install/status_insterfaces/share/status_insterfaces/msg/SystemStatus.json
[5.753s] -- Installing: /home/duhao/ros_test1/install/status_insterfaces/include/status_insterfaces/status_insterfaces
[5.753s] -- Installing: /home/duhao/ros_test1/install/status_insterfaces/include/status_insterfaces/status_insterfaces/msg
[5.753s] -- Installing: /home/duhao/ros_test1/install/status_insterfaces/include/status_insterfaces/status_insterfaces/msg/system_status.h
[5.753s] -- Installing: /home/duhao/ros_test1/install/status_insterfaces/include/status_insterfaces/status_insterfaces/msg/detail
[5.753s] -- Installing: /home/duhao/ros_test1/install/status_insterfaces/include/status_insterfaces/status_insterfaces/msg/detail/system_status__struct.h
[5.753s] -- Installing: /home/duhao/ros_test1/install/status_insterfaces/include/status_insterfaces/status_insterfaces/msg/detail/system_status__type_support.h
[5.753s] -- Installing: /home/duhao/ros_test1/install/status_insterfaces/include/status_insterfaces/status_insterfaces/msg/detail/system_status__description.c
[5.753s] -- Installing: /home/duhao/ros_test1/install/status_insterfaces/include/status_insterfaces/status_insterfaces/msg/detail/system_status__type_support.c
[5.753s] -- Installing: /home/duhao/ros_test1/install/status_insterfaces/include/status_insterfaces/status_insterfaces/msg/detail/system_status__functions.c
[5.753s] -- Installing: /home/duhao/ros_test1/install/status_insterfaces/include/status_insterfaces/status_insterfaces/msg/detail/system_status__functions.h
[5.753s] -- Installing: /home/duhao/ros_test1/install/status_insterfaces/include/status_insterfaces/status_insterfaces/msg/rosidl_generator_c__visibility_control.h
[5.754s] -- Installing: /home/duhao/ros_test1/install/status_insterfaces/share/status_insterfaces/environment/library_path.sh
[5.754s] -- Installing: /home/duhao/ros_test1/install/status_insterfaces/share/status_insterfaces/environment/library_path.dsv
[5.757s] -- Installing: /home/duhao/ros_test1/install/status_insterfaces/lib/libstatus_insterfaces__rosidl_generator_c.so
[5.757s] -- Set non-toolchain portion of runtime path of "/home/duhao/ros_test1/install/status_insterfaces/lib/libstatus_insterfaces__rosidl_generator_c.so" to ""
[5.757s] -- Up-to-date: /home/duhao/ros_test1/install/status_insterfaces/include/status_insterfaces/status_insterfaces
[5.757s] -- Up-to-date: /home/duhao/ros_test1/install/status_insterfaces/include/status_insterfaces/status_insterfaces/msg
[5.757s] -- Installing: /home/duhao/ros_test1/install/status_insterfaces/include/status_insterfaces/status_insterfaces/msg/rosidl_typesupport_fastrtps_c__visibility_control.h
[5.757s] -- Up-to-date: /home/duhao/ros_test1/install/status_insterfaces/include/status_insterfaces/status_insterfaces/msg/detail
[5.757s] -- Installing: /home/duhao/ros_test1/install/status_insterfaces/include/status_insterfaces/status_insterfaces/msg/detail/system_status__rosidl_typesupport_fastrtps_c.h
[5.757s] -- Installing: /home/duhao/ros_test1/install/status_insterfaces/lib/libstatus_insterfaces__rosidl_typesupport_fastrtps_c.so
[5.757s] -- Set non-toolchain portion of runtime path of "/home/duhao/ros_test1/install/status_insterfaces/lib/libstatus_insterfaces__rosidl_typesupport_fastrtps_c.so" to ""
[5.757s] -- Up-to-date: /home/duhao/ros_test1/install/status_insterfaces/include/status_insterfaces/status_insterfaces
[5.757s] -- Up-to-date: /home/duhao/ros_test1/install/status_insterfaces/include/status_insterfaces/status_insterfaces/msg
[5.757s] -- Up-to-date: /home/duhao/ros_test1/install/status_insterfaces/include/status_insterfaces/status_insterfaces/msg/detail
[5.757s] -- Up-to-date: /home/duhao/ros_test1/install/status_insterfaces/include/status_insterfaces/status_insterfaces/msg/detail/system_status__type_support.c
[5.757s] -- Installing: /home/duhao/ros_test1/install/status_insterfaces/include/status_insterfaces/status_insterfaces/msg/detail/system_status__rosidl_typesupport_introspection_c.h
[5.757s] -- Installing: /home/duhao/ros_test1/install/status_insterfaces/include/status_insterfaces/status_insterfaces/msg/rosidl_typesupport_introspection_c__visibility_control.h
[5.757s] -- Installing: /home/duhao/ros_test1/install/status_insterfaces/lib/libstatus_insterfaces__rosidl_typesupport_introspection_c.so
[5.757s] -- Set non-toolchain portion of runtime path of "/home/duhao/ros_test1/install/status_insterfaces/lib/libstatus_insterfaces__rosidl_typesupport_introspection_c.so" to ""
[5.757s] -- Installing: /home/duhao/ros_test1/install/status_insterfaces/lib/libstatus_insterfaces__rosidl_typesupport_c.so
[5.757s] -- Set non-toolchain portion of runtime path of "/home/duhao/ros_test1/install/status_insterfaces/lib/libstatus_insterfaces__rosidl_typesupport_c.so" to ""
[5.757s] -- Up-to-date: /home/duhao/ros_test1/install/status_insterfaces/include/status_insterfaces/status_insterfaces
[5.757s] -- Up-to-date: /home/duhao/ros_test1/install/status_insterfaces/include/status_insterfaces/status_insterfaces/msg
[5.757s] -- Up-to-date: /home/duhao/ros_test1/install/status_insterfaces/include/status_insterfaces/status_insterfaces/msg/detail
[5.757s] -- Installing: /home/duhao/ros_test1/install/status_insterfaces/include/status_insterfaces/status_insterfaces/msg/detail/system_status__builder.hpp
[5.757s] -- Installing: /home/duhao/ros_test1/install/status_insterfaces/include/status_insterfaces/status_insterfaces/msg/detail/system_status__traits.hpp
[5.757s] -- Installing: /home/duhao/ros_test1/install/status_insterfaces/include/status_insterfaces/status_insterfaces/msg/detail/system_status__type_support.hpp
[5.757s] -- Installing: /home/duhao/ros_test1/install/status_insterfaces/include/status_insterfaces/status_insterfaces/msg/detail/system_status__struct.hpp
[5.757s] -- Installing: /home/duhao/ros_test1/install/status_insterfaces/include/status_insterfaces/status_insterfaces/msg/system_status.hpp
[5.757s] -- Installing: /home/duhao/ros_test1/install/status_insterfaces/include/status_insterfaces/status_insterfaces/msg/rosidl_generator_cpp__visibility_control.hpp
[5.758s] -- Up-to-date: /home/duhao/ros_test1/install/status_insterfaces/include/status_insterfaces/status_insterfaces
[5.758s] -- Up-to-date: /home/duhao/ros_test1/install/status_insterfaces/include/status_insterfaces/status_insterfaces/msg
[5.758s] -- Installing: /home/duhao/ros_test1/install/status_insterfaces/include/status_insterfaces/status_insterfaces/msg/rosidl_typesupport_fastrtps_cpp__visibility_control.h
[5.758s] -- Up-to-date: /home/duhao/ros_test1/install/status_insterfaces/include/status_insterfaces/status_insterfaces/msg/detail
[5.758s] -- Installing: /home/duhao/ros_test1/install/status_insterfaces/include/status_insterfaces/status_insterfaces/msg/detail/system_status__rosidl_typesupport_fastrtps_cpp.hpp
[5.758s] -- Installing: /home/duhao/ros_test1/install/status_insterfaces/include/status_insterfaces/status_insterfaces/msg/detail/dds_fastrtps
[5.758s] -- Installing: /home/duhao/ros_test1/install/status_insterfaces/lib/libstatus_insterfaces__rosidl_typesupport_fastrtps_cpp.so
[5.758s] -- Set non-toolchain portion of runtime path of "/home/duhao/ros_test1/install/status_insterfaces/lib/libstatus_insterfaces__rosidl_typesupport_fastrtps_cpp.so" to ""
[5.758s] -- Up-to-date: /home/duhao/ros_test1/install/status_insterfaces/include/status_insterfaces/status_insterfaces
[5.758s] -- Up-to-date: /home/duhao/ros_test1/install/status_insterfaces/include/status_insterfaces/status_insterfaces/msg
[5.758s] -- Up-to-date: /home/duhao/ros_test1/install/status_insterfaces/include/status_insterfaces/status_insterfaces/msg/detail
[5.758s] -- Installing: /home/duhao/ros_test1/install/status_insterfaces/include/status_insterfaces/status_insterfaces/msg/detail/system_status__rosidl_typesupport_introspection_cpp.hpp
[5.758s] -- Installing: /home/duhao/ros_test1/install/status_insterfaces/include/status_insterfaces/status_insterfaces/msg/detail/system_status__type_support.cpp
[5.758s] -- Installing: /home/duhao/ros_test1/install/status_insterfaces/lib/libstatus_insterfaces__rosidl_typesupport_introspection_cpp.so
[5.758s] -- Set non-toolchain portion of runtime path of "/home/duhao/ros_test1/install/status_insterfaces/lib/libstatus_insterfaces__rosidl_typesupport_introspection_cpp.so" to ""
[5.758s] -- Installing: /home/duhao/ros_test1/install/status_insterfaces/lib/libstatus_insterfaces__rosidl_typesupport_cpp.so
[5.758s] -- Set non-toolchain portion of runtime path of "/home/duhao/ros_test1/install/status_insterfaces/lib/libstatus_insterfaces__rosidl_typesupport_cpp.so" to ""
[5.758s] -- Installing: /home/duhao/ros_test1/install/status_insterfaces/share/status_insterfaces/environment/pythonpath.sh
[5.758s] -- Installing: /home/duhao/ros_test1/install/status_insterfaces/share/status_insterfaces/environment/pythonpath.dsv
[5.758s] -- Installing: /home/duhao/ros_test1/install/status_insterfaces/lib/python3.12/site-packages/status_insterfaces-0.0.0-py3.12.egg-info
[5.758s] -- Installing: /home/duhao/ros_test1/install/status_insterfaces/lib/python3.12/site-packages/status_insterfaces-0.0.0-py3.12.egg-info/PKG-INFO
[5.758s] -- Installing: /home/duhao/ros_test1/install/status_insterfaces/lib/python3.12/site-packages/status_insterfaces-0.0.0-py3.12.egg-info/SOURCES.txt
[5.758s] -- Installing: /home/duhao/ros_test1/install/status_insterfaces/lib/python3.12/site-packages/status_insterfaces-0.0.0-py3.12.egg-info/top_level.txt
[5.758s] -- Installing: /home/duhao/ros_test1/install/status_insterfaces/lib/python3.12/site-packages/status_insterfaces-0.0.0-py3.12.egg-info/dependency_links.txt
[5.758s] -- Installing: /home/duhao/ros_test1/install/status_insterfaces/lib/python3.12/site-packages/status_insterfaces
[5.758s] -- Installing: /home/duhao/ros_test1/install/status_insterfaces/lib/python3.12/site-packages/status_insterfaces/_status_insterfaces_s.ep.rosidl_typesupport_fastrtps_c.c
[5.758s] -- Installing: /home/duhao/ros_test1/install/status_insterfaces/lib/python3.12/site-packages/status_insterfaces/_status_insterfaces_s.ep.rosidl_typesupport_introspection_c.c
[5.758s] -- Installing: /home/duhao/ros_test1/install/status_insterfaces/lib/python3.12/site-packages/status_insterfaces/__init__.py
[5.758s] -- Installing: /home/duhao/ros_test1/install/status_insterfaces/lib/python3.12/site-packages/status_insterfaces/status_insterfaces_s__rosidl_typesupport_fastrtps_c.so
[5.758s] -- Installing: /home/duhao/ros_test1/install/status_insterfaces/lib/python3.12/site-packages/status_insterfaces/status_insterfaces_s__rosidl_typesupport_c.so
[5.758s] -- Installing: /home/duhao/ros_test1/install/status_insterfaces/lib/python3.12/site-packages/status_insterfaces/msg
[5.758s] -- Installing: /home/duhao/ros_test1/install/status_insterfaces/lib/python3.12/site-packages/status_insterfaces/msg/_system_status_s.c
[5.758s] -- Installing: /home/duhao/ros_test1/install/status_insterfaces/lib/python3.12/site-packages/status_insterfaces/msg/_system_status.py
[5.758s] -- Installing: /home/duhao/ros_test1/install/status_insterfaces/lib/python3.12/site-packages/status_insterfaces/msg/__init__.py
[5.758s] -- Installing: /home/duhao/ros_test1/install/status_insterfaces/lib/python3.12/site-packages/status_insterfaces/status_insterfaces_s__rosidl_typesupport_introspection_c.so
[5.758s] -- Installing: /home/duhao/ros_test1/install/status_insterfaces/lib/python3.12/site-packages/status_insterfaces/_status_insterfaces_s.ep.rosidl_typesupport_c.c
[5.785s] Listing '/home/duhao/ros_test1/install/status_insterfaces/lib/python3.12/site-packages/status_insterfaces'...
[5.785s] Compiling '/home/duhao/ros_test1/install/status_insterfaces/lib/python3.12/site-packages/status_insterfaces/__init__.py'...
[5.785s] Listing '/home/duhao/ros_test1/install/status_insterfaces/lib/python3.12/site-packages/status_insterfaces/msg'...
[5.785s] Compiling '/home/duhao/ros_test1/install/status_insterfaces/lib/python3.12/site-packages/status_insterfaces/msg/__init__.py'...
[5.785s] Compiling '/home/duhao/ros_test1/install/status_insterfaces/lib/python3.12/site-packages/status_insterfaces/msg/_system_status.py'...
[5.787s] -- Installing: /home/duhao/ros_test1/install/status_insterfaces/lib/python3.12/site-packages/status_insterfaces/status_insterfaces_s__rosidl_typesupport_fastrtps_c.so
[5.787s] -- Set non-toolchain portion of runtime path of "/home/duhao/ros_test1/install/status_insterfaces/lib/python3.12/site-packages/status_insterfaces/status_insterfaces_s__rosidl_typesupport_fastrtps_c.so" to ""
[5.787s] -- Installing: /home/duhao/ros_test1/install/status_insterfaces/lib/python3.12/site-packages/status_insterfaces/status_insterfaces_s__rosidl_typesupport_introspection_c.so
[5.788s] -- Set non-toolchain portion of runtime path of "/home/duhao/ros_test1/install/status_insterfaces/lib/python3.12/site-packages/status_insterfaces/status_insterfaces_s__rosidl_typesupport_introspection_c.so" to ""
[5.788s] -- Installing: /home/duhao/ros_test1/install/status_insterfaces/lib/python3.12/site-packages/status_insterfaces/status_insterfaces_s__rosidl_typesupport_c.so
[5.788s] -- Set non-toolchain portion of runtime path of "/home/duhao/ros_test1/install/status_insterfaces/lib/python3.12/site-packages/status_insterfaces/status_insterfaces_s__rosidl_typesupport_c.so" to ""
[5.790s] -- Installing: /home/duhao/ros_test1/install/status_insterfaces/lib/libstatus_insterfaces__rosidl_generator_py.so
[5.790s] -- Set non-toolchain portion of runtime path of "/home/duhao/ros_test1/install/status_insterfaces/lib/libstatus_insterfaces__rosidl_generator_py.so" to ""
[5.790s] -- Installing: /home/duhao/ros_test1/install/status_insterfaces/share/status_insterfaces/msg/SystemStatus.idl
[5.790s] -- Installing: /home/duhao/ros_test1/install/status_insterfaces/share/status_insterfaces/msg/SystemStatus.msg
[5.790s] -- Up-to-date: /home/duhao/ros_test1/install/status_insterfaces/include
[5.790s] -- Up-to-date: /home/duhao/ros_test1/install/status_insterfaces/include/status_insterfaces
[5.790s] -- Installing: /home/duhao/ros_test1/install/status_insterfaces/include/status_insterfaces/msg
[5.790s] -- Installing: /home/duhao/ros_test1/install/status_insterfaces/include/status_insterfaces/msg/detail
[5.790s] -- Installing: /home/duhao/ros_test1/install/status_insterfaces/include/status_insterfaces/msg/detail/system_status__builder.hpp
[5.790s] -- Installing: /home/duhao/ros_test1/install/status_insterfaces/include/status_insterfaces/msg/detail/system_status__traits.hpp
[5.790s] -- Installing: /home/duhao/ros_test1/install/status_insterfaces/include/status_insterfaces/msg/detail/system_status__type_support.hpp
[5.790s] -- Installing: /home/duhao/ros_test1/install/status_insterfaces/include/status_insterfaces/msg/detail/system_status__struct.hpp
[5.790s] -- Installing: /home/duhao/ros_test1/install/status_insterfaces/include/status_insterfaces/msg/system_status.hpp
[5.791s] -- Installing: /home/duhao/ros_test1/install/status_insterfaces/include/status_insterfaces/msg/rosidl_generator_cpp__visibility_control.hpp
[5.791s] -- Installing: /home/duhao/ros_test1/install/status_insterfaces/share/ament_index/resource_index/package_run_dependencies/status_insterfaces
[5.791s] -- Installing: /home/duhao/ros_test1/install/status_insterfaces/share/ament_index/resource_index/parent_prefix_path/status_insterfaces
[5.791s] -- Installing: /home/duhao/ros_test1/install/status_insterfaces/share/status_insterfaces/environment/ament_prefix_path.sh
[5.791s] -- Installing: /home/duhao/ros_test1/install/status_insterfaces/share/status_insterfaces/environment/ament_prefix_path.dsv
[5.792s] -- Installing: /home/duhao/ros_test1/install/status_insterfaces/share/status_insterfaces/environment/path.sh
[5.792s] -- Installing: /home/duhao/ros_test1/install/status_insterfaces/share/status_insterfaces/environment/path.dsv
[5.792s] -- Installing: /home/duhao/ros_test1/install/status_insterfaces/share/status_insterfaces/local_setup.bash
[5.792s] -- Installing: /home/duhao/ros_test1/install/status_insterfaces/share/status_insterfaces/local_setup.sh
[5.793s] -- Installing: /home/duhao/ros_test1/install/status_insterfaces/share/status_insterfaces/local_setup.zsh
[5.793s] -- Installing: /home/duhao/ros_test1/install/status_insterfaces/share/status_insterfaces/local_setup.dsv
[5.793s] -- Installing: /home/duhao/ros_test1/install/status_insterfaces/share/status_insterfaces/package.dsv
[5.793s] -- Installing: /home/duhao/ros_test1/install/status_insterfaces/share/ament_index/resource_index/packages/status_insterfaces
[5.793s] -- Installing: /home/duhao/ros_test1/install/status_insterfaces/share/status_insterfaces/cmake/export_status_insterfaces__rosidl_generator_cExport.cmake
[5.793s] -- Installing: /home/duhao/ros_test1/install/status_insterfaces/share/status_insterfaces/cmake/export_status_insterfaces__rosidl_generator_cExport-noconfig.cmake
[5.793s] -- Installing: /home/duhao/ros_test1/install/status_insterfaces/share/status_insterfaces/cmake/export_status_insterfaces__rosidl_typesupport_fastrtps_cExport.cmake
[5.793s] -- Installing: /home/duhao/ros_test1/install/status_insterfaces/share/status_insterfaces/cmake/export_status_insterfaces__rosidl_typesupport_fastrtps_cExport-noconfig.cmake
[5.793s] -- Installing: /home/duhao/ros_test1/install/status_insterfaces/share/status_insterfaces/cmake/status_insterfaces__rosidl_typesupport_introspection_cExport.cmake
[5.793s] -- Installing: /home/duhao/ros_test1/install/status_insterfaces/share/status_insterfaces/cmake/status_insterfaces__rosidl_typesupport_introspection_cExport-noconfig.cmake
[5.793s] -- Installing: /home/duhao/ros_test1/install/status_insterfaces/share/status_insterfaces/cmake/status_insterfaces__rosidl_typesupport_cExport.cmake
[5.793s] -- Installing: /home/duhao/ros_test1/install/status_insterfaces/share/status_insterfaces/cmake/status_insterfaces__rosidl_typesupport_cExport-noconfig.cmake
[5.793s] -- Installing: /home/duhao/ros_test1/install/status_insterfaces/share/status_insterfaces/cmake/export_status_insterfaces__rosidl_generator_cppExport.cmake
[5.793s] -- Installing: /home/duhao/ros_test1/install/status_insterfaces/share/status_insterfaces/cmake/export_status_insterfaces__rosidl_typesupport_fastrtps_cppExport.cmake
[5.794s] -- Installing: /home/duhao/ros_test1/install/status_insterfaces/share/status_insterfaces/cmake/export_status_insterfaces__rosidl_typesupport_fastrtps_cppExport-noconfig.cmake
[5.794s] -- Installing: /home/duhao/ros_test1/install/status_insterfaces/share/status_insterfaces/cmake/status_insterfaces__rosidl_typesupport_introspection_cppExport.cmake
[5.794s] -- Installing: /home/duhao/ros_test1/install/status_insterfaces/share/status_insterfaces/cmake/status_insterfaces__rosidl_typesupport_introspection_cppExport-noconfig.cmake
[5.794s] -- Installing: /home/duhao/ros_test1/install/status_insterfaces/share/status_insterfaces/cmake/status_insterfaces__rosidl_typesupport_cppExport.cmake
[5.794s] -- Installing: /home/duhao/ros_test1/install/status_insterfaces/share/status_insterfaces/cmake/status_insterfaces__rosidl_typesupport_cppExport-noconfig.cmake
[5.794s] -- Installing: /home/duhao/ros_test1/install/status_insterfaces/share/status_insterfaces/cmake/export_status_insterfaces__rosidl_generator_pyExport.cmake
[5.794s] -- Installing: /home/duhao/ros_test1/install/status_insterfaces/share/status_insterfaces/cmake/export_status_insterfaces__rosidl_generator_pyExport-noconfig.cmake
[5.794s] -- Installing: /home/duhao/ros_test1/install/status_insterfaces/share/status_insterfaces/cmake/rosidl_cmake-extras.cmake
[5.795s] -- Installing: /home/duhao/ros_test1/install/status_insterfaces/share/status_insterfaces/cmake/ament_cmake_export_dependencies-extras.cmake
[5.795s] -- Installing: /home/duhao/ros_test1/install/status_insterfaces/share/status_insterfaces/cmake/ament_cmake_export_include_directories-extras.cmake
[5.795s] -- Installing: /home/duhao/ros_test1/install/status_insterfaces/share/status_insterfaces/cmake/ament_cmake_export_libraries-extras.cmake
[5.795s] -- Installing: /home/duhao/ros_test1/install/status_insterfaces/share/status_insterfaces/cmake/ament_cmake_export_targets-extras.cmake
[5.795s] -- Installing: /home/duhao/ros_test1/install/status_insterfaces/share/status_insterfaces/cmake/rosidl_cmake_export_typesupport_targets-extras.cmake
[5.795s] -- Installing: /home/duhao/ros_test1/install/status_insterfaces/share/status_insterfaces/cmake/rosidl_cmake_export_typesupport_libraries-extras.cmake
[5.795s] -- Installing: /home/duhao/ros_test1/install/status_insterfaces/share/status_insterfaces/cmake/status_insterfacesConfig.cmake
[5.795s] -- Installing: /home/duhao/ros_test1/install/status_insterfaces/share/status_insterfaces/cmake/status_insterfacesConfig-version.cmake
[5.796s] -- Installing: /home/duhao/ros_test1/install/status_insterfaces/share/status_insterfaces/package.xml
[5.798s] Invoked command in '/home/duhao/ros_test1/build/status_insterfaces' returned '0': CMAKE_PREFIX_PATH=${CMAKE_PREFIX_PATH}:/home/duhao/ros_test1/install/status_publisher:/opt/ros/rolling DEBUGINFOD_URLS=https://debuginfod.ubuntu.com /usr/bin/cmake --install /home/duhao/ros_test1/build/status_insterfaces
